<?xml version="1.0" encoding="UTF-8"?>
<!-- Generated by org.testng.reporters.JUnitReportReporter -->
<testsuite hostname="KrunalPatel" failures="0" tests="1" name="test.com.LoginTest" time="19.215" errors="0" timestamp="28 Sep 2023 17:38:07 GMT">
  <testcase classname="test.com.LoginTest" name="executeLoginPageModule" time="19.215"/>
</testsuite> <!-- test.com.LoginTest -->
